#
# There is insufficient memory for the Java Runtime Environment to continue.
# Native memory allocation (malloc) failed to allocate 32744 bytes for ChunkPool::allocate
# Possible reasons:
#   The system is out of physical RAM or swap space
#   In 32 bit mode, the process size limit was hit
# Possible solutions:
#   Reduce memory load on the system
#   Increase physical memory or swap space
#   Check if swap backing store is full
#   Use 64 bit Java on a 64 bit OS
#   Decrease Java heap size (-Xmx/-Xms)
#   Decrease number of Java threads
#   Decrease Java thread stack sizes (-Xss)
#   Set larger code cache with -XX:ReservedCodeCacheSize=
# This output file may be truncated or incomplete.
#
#  Out of Memory Error (allocation.cpp:273), pid=13812, tid=0x0000000000002fec
#
# JRE version: OpenJDK Runtime Environment (8.0_76-b03) (build 1.8.0_76-release-b03)
# Java VM: OpenJDK 64-Bit Server VM (25.76-b03 mixed mode windows-amd64 compressed oops)
# Failed to write core dump. Minidumps are not enabled by default on client versions of Windows
#

---------------  T H R E A D  ---------------

Current thread (0x000000005745b000):  JavaThread "C1 CompilerThread2" daemon [_thread_in_native, id=12268, stack(0x0000000057f90000,0x0000000058090000)]

Stack: [0x0000000057f90000,0x0000000058090000]
[error occurred during error reporting (printing stack bounds), id 0xc0000005]

Native frames: (J=compiled Java code, j=interpreted, Vv=VM code, C=native code)


Current CompileTask:
C1:  19918 9849       3       com.sun.tools.javac.parser.JavacParser::term3 (2502 bytes)


---------------  P R O C E S S  ---------------

Java Threads: ( => current thread )
  0x000000005f908800 JavaThread "pool-2-thread-1" [_thread_blocked, id=3612, stack(0x000000005ff20000,0x0000000060020000)]
  0x000000005f907000 JavaThread "File lock request listener" [_thread_in_native, id=13984, stack(0x000000005e2a0000,0x000000005e3a0000)]
  0x0000000059193000 JavaThread "Stdin handler" [_thread_blocked, id=13120, stack(0x000000005abc0000,0x000000005acc0000)]
  0x0000000059191000 JavaThread "Asynchronous log dispatcher for org.gradle.launcher.daemon.server.DefaultDaemonConnection@7c2f99c5" [_thread_blocked, id=13664, stack(0x00000000580a0000,0x00000000581a0000)]
  0x000000005917d000 JavaThread "Daemon worker" [_thread_in_native, id=13424, stack(0x000000005a700000,0x000000005a800000)]
  0x0000000059179800 JavaThread "Cancel handler" [_thread_blocked, id=6840, stack(0x000000005a550000,0x000000005a650000)]
  0x0000000058fb4800 JavaThread "Handler for socket connection from /127.0.0.1:16684 to /127.0.0.1:16686" [_thread_in_native, id=13732, stack(0x000000005a430000,0x000000005a530000)]
  0x0000000058fb3000 JavaThread "Daemon" [_thread_blocked, id=13464, stack(0x000000005a290000,0x000000005a390000)]
  0x00000000593cd800 JavaThread "pool-1-thread-1" [_thread_blocked, id=13720, stack(0x000000005a090000,0x000000005a190000)]
  0x00000000593cf000 JavaThread "Incoming local TCP Connector on port 16684" [_thread_in_native, id=9692, stack(0x0000000059c70000,0x0000000059d70000)]
  0x00000000574f5800 JavaThread "Service Thread" daemon [_thread_blocked, id=13612, stack(0x0000000058210000,0x0000000058310000)]
=>0x000000005745b000 JavaThread "C1 CompilerThread2" daemon [_thread_in_native, id=12268, stack(0x0000000057f90000,0x0000000058090000)]
  0x0000000057459800 JavaThread "C2 CompilerThread1" daemon [_thread_in_native, id=10808, stack(0x0000000057e50000,0x0000000057f50000)]
  0x0000000057457000 JavaThread "C2 CompilerThread0" daemon [_thread_in_native, id=8820, stack(0x0000000057c80000,0x0000000057d80000)]
  0x0000000057449000 JavaThread "Attach Listener" daemon [_thread_blocked, id=12516, stack(0x0000000057a50000,0x0000000057b50000)]
  0x00000000560bf800 JavaThread "Signal Dispatcher" daemon [_thread_blocked, id=12404, stack(0x00000000578d0000,0x00000000579d0000)]
  0x00000000560a7000 JavaThread "Finalizer" daemon [_thread_blocked, id=13684, stack(0x0000000057340000,0x0000000057440000)]
  0x0000000056060000 JavaThread "Reference Handler" daemon [_thread_blocked, id=13676, stack(0x0000000057210000,0x0000000057310000)]
  0x000000000220e000 JavaThread "main" [_thread_blocked, id=13540, stack(0x0000000002320000,0x0000000002420000)]

Other Threads:
  0x0000000056058800 VMThread [stack: 0x0000000057050000,0x0000000057150000] [id=13000]
  0x0000000057486800 WatcherThread [stack: 0x0000000058390000,0x0000000058490000] [id=13372]

VM state:not at safepoint (normal execution)

VM Mutex/Monitor currently owned by a thread: None

Heap:
 PSYoungGen      total 320512K, used 62520K [0x00000000e0000000, 0x00000000f7200000, 0x0000000100000000)
  eden space 292352K, 11% used [0x00000000e0000000,0x00000000e2194f80,0x00000000f1d80000)
  from space 28160K, 99% used [0x00000000f4400000,0x00000000f5f792d0,0x00000000f5f80000)
  to   space 39424K, 0% used [0x00000000f1d80000,0x00000000f1d80000,0x00000000f4400000)
 ParOldGen       total 92160K, used 60601K [0x00000000a0000000, 0x00000000a5a00000, 0x00000000e0000000)
  object space 92160K, 65% used [0x00000000a0000000,0x00000000a3b2e6c8,0x00000000a5a00000)
 Metaspace       used 56331K, capacity 58536K, committed 58624K, reserved 1099776K
  class space    used 7342K, capacity 7863K, committed 7936K, reserved 1048576K

Card table byte_map: [0x00000000117e0000,0x0000000011af0000] byte_map_base: 0x00000000112e0000

Marking Bits: (ParMarkBitMap*) 0x000000006d119d00
 Begin Bits: [0x00000000123d0000, 0x0000000013bd0000)
 End Bits:   [0x0000000013bd0000, 0x00000000153d0000)

Polling page: 0x00000000001a0000

CodeCache: size=245760Kb used=30621Kb max_used=30621Kb free=215138Kb
 bounds [0x0000000002420000, 0x0000000004230000, 0x0000000011420000]
 total_blobs=9743 nmethods=9014 adapters=641
 compilation: enabled

Compilation events (10 events):
Event: 19.913 Thread 0x000000005745b000 nmethod 9842 0x0000000004220c50 code [0x0000000004220de0, 0x0000000004221278]
Event: 19.913 Thread 0x000000005745b000 9843       3       sun.nio.cs.UTF_8::updatePositions (23 bytes)
Event: 19.913 Thread 0x000000005745b000 nmethod 9843 0x0000000004221490 code [0x0000000004221620, 0x0000000004221a58]
Event: 19.913 Thread 0x000000005745b000 9844       3       com.sun.tools.javac.parser.JavaTokenizer::isSpecial (136 bytes)
Event: 19.914 Thread 0x000000005745b000 nmethod 9844 0x0000000004221bd0 code [0x0000000004221d20, 0x0000000004221f10]
Event: 19.914 Thread 0x000000005745b000 9845       3       com.sun.tools.javac.parser.JavacParser::term (30 bytes)
Event: 19.914 Thread 0x000000005745b000 nmethod 9845 0x0000000004221f90 code [0x0000000004222100, 0x00000000042222c8]
Event: 19.914 Thread 0x000000005745b000 9846       3       com.sun.tools.javac.parser.JavaTokenizer::scanLitChar (496 bytes)
Event: 19.915 Thread 0x000000005745b000 nmethod 9846 0x0000000004222390 code [0x0000000004222700, 0x00000000042245c8]
Event: 19.915 Thread 0x000000005745b000 9849       3       com.sun.tools.javac.parser.JavacParser::term3 (2502 bytes)

GC Heap History (10 events):
Event: 5.973 GC heap before
{Heap before GC invocations=8 (full 2):
 PSYoungGen      total 178688K, used 10976K [0x00000000e0000000, 0x00000000ee800000, 0x0000000100000000)
  eden space 166912K, 0% used [0x00000000e0000000,0x00000000e0000000,0x00000000ea300000)
  from space 11776K, 93% used [0x00000000eaf80000,0x00000000eba381f0,0x00000000ebb00000)
  to   space 12800K, 0% used [0x00000000ea300000,0x00000000ea300000,0x00000000eaf80000)
 ParOldGen       total 65536K, used 17959K [0x00000000a0000000, 0x00000000a4000000, 0x00000000e0000000)
  object space 65536K, 27% used [0x00000000a0000000,0x00000000a1189f18,0x00000000a4000000)
 Metaspace       used 34695K, capacity 35206K, committed 35496K, reserved 1079296K
  class space    used 4643K, capacity 4792K, committed 4864K, reserved 1048576K
Event: 6.038 GC heap after
Heap after GC invocations=8 (full 2):
 PSYoungGen      total 178688K, used 0K [0x00000000e0000000, 0x00000000ee800000, 0x0000000100000000)
  eden space 166912K, 0% used [0x00000000e0000000,0x00000000e0000000,0x00000000ea300000)
  from space 11776K, 0% used [0x00000000eaf80000,0x00000000eaf80000,0x00000000ebb00000)
  to   space 12800K, 0% used [0x00000000ea300000,0x00000000ea300000,0x00000000eaf80000)
 ParOldGen       total 92160K, used 18016K [0x00000000a0000000, 0x00000000a5a00000, 0x00000000e0000000)
  object space 92160K, 19% used [0x00000000a0000000,0x00000000a1198198,0x00000000a5a00000)
 Metaspace       used 34695K, capacity 35206K, committed 35496K, reserved 1079296K
  class space    used 4643K, capacity 4792K, committed 4864K, reserved 1048576K
}
Event: 7.750 GC heap before
{Heap before GC invocations=9 (full 2):
 PSYoungGen      total 178688K, used 166912K [0x00000000e0000000, 0x00000000ee800000, 0x0000000100000000)
  eden space 166912K, 100% used [0x00000000e0000000,0x00000000ea300000,0x00000000ea300000)
  from space 11776K, 0% used [0x00000000eaf80000,0x00000000eaf80000,0x00000000ebb00000)
  to   space 12800K, 0% used [0x00000000ea300000,0x00000000ea300000,0x00000000eaf80000)
 ParOldGen       total 92160K, used 18016K [0x00000000a0000000, 0x00000000a5a00000, 0x00000000e0000000)
  object space 92160K, 19% used [0x00000000a0000000,0x00000000a1198198,0x00000000a5a00000)
 Metaspace       used 41908K, capacity 42798K, committed 43264K, reserved 1087488K
  class space    used 5538K, capacity 5773K, committed 5888K, reserved 1048576K
Event: 7.767 GC heap after
Heap after GC invocations=9 (full 2):
 PSYoungGen      total 179712K, used 12308K [0x00000000e0000000, 0x00000000f0e80000, 0x0000000100000000)
  eden space 166912K, 0% used [0x00000000e0000000,0x00000000e0000000,0x00000000ea300000)
  from space 12800K, 96% used [0x00000000ea300000,0x00000000eaf05200,0x00000000eaf80000)
  to   space 14336K, 0% used [0x00000000f0080000,0x00000000f0080000,0x00000000f0e80000)
 ParOldGen       total 92160K, used 18088K [0x00000000a0000000, 0x00000000a5a00000, 0x00000000e0000000)
  object space 92160K, 19% used [0x00000000a0000000,0x00000000a11aa1a8,0x00000000a5a00000)
 Metaspace       used 41908K, capacity 42798K, committed 43264K, reserved 1087488K
  class space    used 5538K, capacity 5773K, committed 5888K, reserved 1048576K
}
Event: 9.831 GC heap before
{Heap before GC invocations=10 (full 2):
 PSYoungGen      total 179712K, used 179220K [0x00000000e0000000, 0x00000000f0e80000, 0x0000000100000000)
  eden space 166912K, 100% used [0x00000000e0000000,0x00000000ea300000,0x00000000ea300000)
  from space 12800K, 96% used [0x00000000ea300000,0x00000000eaf05200,0x00000000eaf80000)
  to   space 14336K, 0% used [0x00000000f0080000,0x00000000f0080000,0x00000000f0e80000)
 ParOldGen       total 92160K, used 18088K [0x00000000a0000000, 0x00000000a5a00000, 0x00000000e0000000)
  object space 92160K, 19% used [0x00000000a0000000,0x00000000a11aa1a8,0x00000000a5a00000)
 Metaspace       used 48514K, capacity 50074K, committed 50304K, reserved 1093632K
  class space    used 6440K, capacity 6777K, committed 6784K, reserved 1048576K
Event: 9.848 GC heap after
Heap after GC invocations=10 (full 2):
 PSYoungGen      total 256512K, used 14318K [0x00000000e0000000, 0x00000000f1280000, 0x0000000100000000)
  eden space 242176K, 0% used [0x00000000e0000000,0x00000000e0000000,0x00000000eec80000)
  from space 14336K, 99% used [0x00000000f0080000,0x00000000f0e7b9e0,0x00000000f0e80000)
  to   space 19456K, 0% used [0x00000000eec80000,0x00000000eec80000,0x00000000eff80000)
 ParOldGen       total 92160K, used 25156K [0x00000000a0000000, 0x00000000a5a00000, 0x00000000e0000000)
  object space 92160K, 27% used [0x00000000a0000000,0x00000000a18913d0,0x00000000a5a00000)
 Metaspace       used 48514K, capacity 50074K, committed 50304K, reserved 1093632K
  class space    used 6440K, capacity 6777K, committed 6784K, reserved 1048576K
}
Event: 14.453 GC heap before
{Heap before GC invocations=11 (full 2):
 PSYoungGen      total 256512K, used 256494K [0x00000000e0000000, 0x00000000f1280000, 0x0000000100000000)
  eden space 242176K, 100% used [0x00000000e0000000,0x00000000eec80000,0x00000000eec80000)
  from space 14336K, 99% used [0x00000000f0080000,0x00000000f0e7b9e0,0x00000000f0e80000)
  to   space 19456K, 0% used [0x00000000eec80000,0x00000000eec80000,0x00000000eff80000)
 ParOldGen       total 92160K, used 25156K [0x00000000a0000000, 0x00000000a5a00000, 0x00000000e0000000)
  object space 92160K, 27% used [0x00000000a0000000,0x00000000a18913d0,0x00000000a5a00000)
 Metaspace       used 51271K, capacity 53180K, committed 53248K, reserved 1095680K
  class space    used 6712K, capacity 7147K, committed 7168K, reserved 1048576K
Event: 14.492 GC heap after
Heap after GC invocations=11 (full 2):
 PSYoungGen      total 261632K, used 19454K [0x00000000e0000000, 0x00000000f5f80000, 0x0000000100000000)
  eden space 242176K, 0% used [0x00000000e0000000,0x00000000e0000000,0x00000000eec80000)
  from space 19456K, 99% used [0x00000000eec80000,0x00000000eff7f828,0x00000000eff80000)
  to   space 28160K, 0% used [0x00000000f4400000,0x00000000f4400000,0x00000000f5f80000)
 ParOldGen       total 92160K, used 40666K [0x00000000a0000000, 0x00000000a5a00000, 0x00000000e0000000)
  object space 92160K, 44% used [0x00000000a0000000,0x00000000a27b6b18,0x00000000a5a00000)
 Metaspace       used 51271K, capacity 53180K, committed 53248K, reserved 1095680K
  class space    used 6712K, capacity 7147K, committed 7168K, reserved 1048576K
}
Event: 19.487 GC heap before
{Heap before GC invocations=12 (full 2):
 PSYoungGen      total 261632K, used 261630K [0x00000000e0000000, 0x00000000f5f80000, 0x0000000100000000)
  eden space 242176K, 100% used [0x00000000e0000000,0x00000000eec80000,0x00000000eec80000)
  from space 19456K, 99% used [0x00000000eec80000,0x00000000eff7f828,0x00000000eff80000)
  to   space 28160K, 0% used [0x00000000f4400000,0x00000000f4400000,0x00000000f5f80000)
 ParOldGen       total 92160K, used 40666K [0x00000000a0000000, 0x00000000a5a00000, 0x00000000e0000000)
  object space 92160K, 44% used [0x00000000a0000000,0x00000000a27b6b18,0x00000000a5a00000)
 Metaspace       used 55581K, capacity 57660K, committed 57728K, reserved 1099776K
  class space    used 7280K, capacity 7759K, committed 7808K, reserved 1048576K
Event: 19.530 GC heap after
Heap after GC invocations=12 (full 2):
 PSYoungGen      total 320512K, used 28132K [0x00000000e0000000, 0x00000000f7200000, 0x0000000100000000)
  eden space 292352K, 0% used [0x00000000e0000000,0x00000000e0000000,0x00000000f1d80000)
  from space 28160K, 99% used [0x00000000f4400000,0x00000000f5f792d0,0x00000000f5f80000)
  to   space 39424K, 0% used [0x00000000f1d80000,0x00000000f1d80000,0x00000000f4400000)
 ParOldGen       total 92160K, used 60601K [0x00000000a0000000, 0x00000000a5a00000, 0x00000000e0000000)
  object space 92160K, 65% used [0x00000000a0000000,0x00000000a3b2e6c8,0x00000000a5a00000)
 Metaspace       used 55581K, capacity 57660K, committed 57728K, reserved 1099776K
  class space    used 7280K, capacity 7759K, committed 7808K, reserved 1048576K
}

Deoptimization events (10 events):
Event: 19.594 Thread 0x000000005917d000 Uncommon trap: reason=unstable_if action=reinterpret pc=0x0000000003390610 method=com.sun.tools.javac.jvm.ClassReader.readName(I)Lcom/sun/tools/javac/util/Name; @ 7
Event: 19.617 Thread 0x000000005917d000 Uncommon trap: reason=unstable_if action=reinterpret pc=0x0000000002ec3c4c method=com.sun.tools.javac.jvm.ClassReader.readPool(I)Ljava/lang/Object; @ 21
Event: 19.749 Thread 0x000000005917d000 Uncommon trap: reason=unloaded action=reinterpret pc=0x00000000041a6434 method=com.sun.tools.javac.jvm.ClassReader.readPool(I)Ljava/lang/Object; @ 413
Event: 19.767 Thread 0x000000005917d000 Uncommon trap: reason=unstable_if action=reinterpret pc=0x00000000033f249c method=java.util.regex.Matcher.appendReplacement(Ljava/lang/StringBuffer;Ljava/lang/String;)Ljava/util/regex/Matcher; @ 47
Event: 19.771 Thread 0x000000005917d000 Uncommon trap: reason=class_check action=maybe_recompile pc=0x00000000025ca604 method=java.lang.reflect.Array.newInstance(Ljava/lang/Class;I)Ljava/lang/Object; @ 2
Event: 19.775 Thread 0x000000005917d000 Uncommon trap: reason=class_check action=maybe_recompile pc=0x00000000025ca604 method=java.lang.reflect.Array.newInstance(Ljava/lang/Class;I)Ljava/lang/Object; @ 2
Event: 19.775 Thread 0x000000005917d000 Uncommon trap: reason=class_check action=maybe_recompile pc=0x00000000025ca604 method=java.lang.reflect.Array.newInstance(Ljava/lang/Class;I)Ljava/lang/Object; @ 2
Event: 19.775 Thread 0x000000005917d000 Uncommon trap: reason=class_check action=maybe_recompile pc=0x00000000025ca604 method=java.lang.reflect.Array.newInstance(Ljava/lang/Class;I)Ljava/lang/Object; @ 2
Event: 19.801 Thread 0x000000005917d000 Uncommon trap: reason=unstable_if action=reinterpret pc=0x000000000418cd90 method=com.sun.tools.javac.util.BaseFileManager.getKind(Ljava/lang/String;)Ljavax/tools/JavaFileObject$Kind; @ 10
Event: 19.908 Thread 0x000000005917d000 Uncommon trap: reason=class_check action=maybe_recompile pc=0x00000000034838f8 method=sun.misc.URLClassPath$1.next()Z @ 46

Internal exceptions (10 events):
Event: 10.849 Thread 0x000000005917d000 Exception <a 'java/lang/ClassNotFoundException': com/android/build/gradle/internal/tasks/multidex/CreateManifestKeepList_DecoratedCustomizer> (0x00000000e6a3ef38) thrown at [C:\src\android\AOSP-openjdk\external\jetbrains\jdk\hotspot\src\share\vm\classfile\¿+T|Ã%@
Event: 10.882 Thread 0x000000005917d000 Exception <a 'java/lang/ClassNotFoundException': com/android/build/gradle/internal/TaskManager$2BeanInfo> (0x00000000e6d104e8) thrown at [C:\src\android\AOSP-openjdk\external\jetbrains\jdk\hotspot\src\share\vm\classfile\systemDictionary.cpp, line 210]
Event: 10.882 Thread 0x000000005917d000 Exception <a 'java/lang/ClassNotFoundException': com/android/build/gradle/internal/TaskManager$2Customizer> (0x00000000e6d21180) thrown at [C:\src\android\AOSP-openjdk\external\jetbrains\jdk\hotspot\src\share\vm\classfile\systemDictionary.cpp, line 210]
Event: 11.344 Thread 0x000000005917d000 Exception <a 'java/lang/NoSuchMethodError': <clinit>> (0x00000000e7e1b810) thrown at [C:\src\android\AOSP-openjdk\external\jetbrains\jdk\hotspot\src\share\vm\prims\jni.cpp, line 1591]
Event: 11.345 Thread 0x000000005917d000 Exception <a 'java/lang/NoSuchMethodError': <clinit>> (0x00000000e7e287f8) thrown at [C:\src\android\AOSP-openjdk\external\jetbrains\jdk\hotspot\src\share\vm\prims\jni.cpp, line 1591]
Event: 11.361 Thread 0x000000005917d000 Exception <a 'java/lang/NoSuchMethodError': <clinit>> (0x00000000e7ffe3a8) thrown at [C:\src\android\AOSP-openjdk\external\jetbrains\jdk\hotspot\src\share\vm\prims\jni.cpp, line 1591]
Event: 11.363 Thread 0x000000005917d000 Exception <a 'java/lang/NoSuchMethodError': <clinit>> (0x00000000e8016bb8) thrown at [C:\src\android\AOSP-openjdk\external\jetbrains\jdk\hotspot\src\share\vm\prims\jni.cpp, line 1591]
Event: 11.363 Thread 0x000000005917d000 Exception <a 'java/lang/NoSuchMethodError': <clinit>> (0x00000000e80180d0) thrown at [C:\src\android\AOSP-openjdk\external\jetbrains\jdk\hotspot\src\share\vm\prims\jni.cpp, line 1591]
Event: 19.047 Thread 0x000000005917d000 Implicit null exception at 0x00000000026e4673 to 0x00000000026e579d
Event: 19.594 Thread 0x000000005917d000 Implicit null exception at 0x00000000033905c8 to 0x00000000033905fe

Events (10 events):
Event: 19.908 loading class javax/tools/Diagnostic$Kind
Event: 19.908 loading class javax/tools/Diagnostic$Kind done
Event: 19.910 loading class com/sun/tools/javac/api/JavacTrees
Event: 19.910 loading class com/sun/tools/javac/api/JavacTrees done
Event: 19.911 loading class com/sun/source/util/DocTrees
Event: 19.911 loading class com/sun/source/util/DocTrees done
Event: 19.912 loading class com/sun/source/util/Trees
Event: 19.912 loading class com/sun/source/util/Trees done
Event: 19.913 Thread 0x000000005917d000 DEOPT PACKING pc=0x0000000003b8025b sp=0x000000005a7fb640
Event: 19.913 Thread 0x000000005917d000 DEOPT UNPACKING pc=0x00000000024675bf sp=0x000000005a7fb440 mode 0


Dynamic libraries:
0x000000013f730000 - 0x000000013f761000 	D:\softsare\android-studio-2.2Beat\android-studio\jre\bin\java.exe
0x0000000076e10000 - 0x0000000076fba000 	C:\Windows\SYSTEM32\ntdll.dll
0x0000000076cf0000 - 0x0000000076e0f000 	C:\Windows\system32\kernel32.dll
0x000007fefced0000 - 0x000007fefcf3b000 	C:\Windows\system32\KERNELBASE.dll
0x000007fefeeb0000 - 0x000007fefef8b000 	C:\Windows\system32\ADVAPI32.dll
0x000007fefef90000 - 0x000007feff02f000 	C:\Windows\system32\msvcrt.dll
0x000007fefed60000 - 0x000007fefed7f000 	C:\Windows\SYSTEM32\sechost.dll
0x000007fefe720000 - 0x000007fefe84d000 	C:\Windows\system32\RPCRT4.dll
0x0000000076bf0000 - 0x0000000076cea000 	C:\Windows\system32\USER32.dll
0x000007fefdcf0000 - 0x000007fefdd57000 	C:\Windows\system32\GDI32.dll
0x000007fefdce0000 - 0x000007fefdcee000 	C:\Windows\system32\LPK.dll
0x000007fefded0000 - 0x000007fefdf9a000 	C:\Windows\system32\USP10.dll
0x000007fefb4c0000 - 0x000007fefb6b4000 	C:\Windows\WinSxS\amd64_microsoft.windows.common-controls_6595b64144ccf1df_6.0.7601.18837_none_fa3b1e3d17594757\COMCTL32.dll
0x000007fefea50000 - 0x000007fefeac1000 	C:\Windows\system32\SHLWAPI.dll
0x000007fefed80000 - 0x000007fefedae000 	C:\Windows\system32\IMM32.DLL
0x000007fefe480000 - 0x000007fefe589000 	C:\Windows\system32\MSCTF.dll
0x0000000078bf0000 - 0x0000000078cc2000 	D:\softsare\android-studio-2.2Beat\android-studio\jre\jre\bin\msvcr100.dll
0x000000006c960000 - 0x000000006d194000 	D:\softsare\android-studio-2.2Beat\android-studio\jre\jre\bin\server\jvm.dll
0x000007fef3d00000 - 0x000007fef3d09000 	C:\Windows\system32\WSOCK32.dll
0x000007feff0d0000 - 0x000007feff11d000 	C:\Windows\system32\WS2_32.dll
0x000007fefdec0000 - 0x000007fefdec8000 	C:\Windows\system32\NSI.dll
0x000007fefa760000 - 0x000007fefa79b000 	C:\Windows\system32\WINMM.dll
0x000007fefbc30000 - 0x000007fefbc3c000 	C:\Windows\system32\VERSION.dll
0x0000000076fd0000 - 0x0000000076fd7000 	C:\Windows\system32\PSAPI.DLL
0x000007fef3cf0000 - 0x000007fef3cff000 	D:\softsare\android-studio-2.2Beat\android-studio\jre\jre\bin\verify.dll
0x000007feeb550000 - 0x000007feeb579000 	D:\softsare\android-studio-2.2Beat\android-studio\jre\jre\bin\java.dll
0x000007feec450000 - 0x000007feec466000 	D:\softsare\android-studio-2.2Beat\android-studio\jre\jre\bin\zip.dll
0x000007fefcf50000 - 0x000007fefdcd9000 	C:\Windows\system32\SHELL32.dll
0x000007fefdfa0000 - 0x000007fefe1a3000 	C:\Windows\system32\ole32.dll
0x000007fefcba0000 - 0x000007fefcbaf000 	C:\Windows\system32\profapi.dll
0x000007feec3f0000 - 0x000007feec40a000 	D:\softsare\android-studio-2.2Beat\android-studio\jre\jre\bin\net.dll
0x000007fefc300000 - 0x000007fefc355000 	C:\Windows\system32\mswsock.dll
0x000007fefc2f0000 - 0x000007fefc2f7000 	C:\Windows\System32\wship6.dll
0x000007feec370000 - 0x000007feec381000 	D:\softsare\android-studio-2.2Beat\android-studio\jre\jre\bin\nio.dll
0x000007fef5e40000 - 0x000007fef5e52000 	C:\Users\Administrator\.gradle\native\19\windows-amd64\native-platform.dll
0x000007fefc360000 - 0x000007fefc378000 	C:\Windows\system32\CRYPTSP.dll
0x000007fefc060000 - 0x000007fefc0a7000 	C:\Windows\system32\rsaenh.dll
0x000007fefceb0000 - 0x000007fefcece000 	C:\Windows\system32\USERENV.dll
0x000007fefca30000 - 0x000007fefca3f000 	C:\Windows\system32\CRYPTBASE.dll
0x000007fefa340000 - 0x000007fefa367000 	C:\Windows\system32\IPHLPAPI.DLL
0x000007fefa2b0000 - 0x000007fefa2bb000 	C:\Windows\system32\WINNSI.DLL
0x000007fefa0c0000 - 0x000007fefa0d8000 	C:\Windows\system32\dhcpcsvc.DLL
0x000007fefa080000 - 0x000007fefa091000 	C:\Windows\system32\dhcpcsvc6.DLL
0x000007feec7c0000 - 0x000007feec7cd000 	D:\softsare\android-studio-2.2Beat\android-studio\jre\jre\bin\management.dll
0x000007fefc9d0000 - 0x000007fefca27000 	C:\Windows\system32\apphelp.dll

VM Arguments:
jvm_args: -Xmx1536m -Dfile.encoding=GBK -Duser.country=CN -Duser.language=zh -Duser.variant 
java_command: org.gradle.launcher.daemon.bootstrap.GradleDaemon 2.14.1
java_class_path (initial): D:\softsare\android-studio-2.2Beat\android-studio\gradle\gradle-2.14.1\lib\gradle-launcher-2.14.1.jar
Launcher Type: SUN_STANDARD

Environment Variables:
JAVA_HOME=C:\Program Files\Java\jdk1.8.0_65
PATH=C:\Program Files\Java\jdk1.8.0_65\bin;D:\softsare\SDK;C:\Program Files (x86)\Rational\Rose;C:\Program Files\MySQL\MySQL Workbench 6.3 CE\;C:\Program Files\Java\jdk1.8.0_65\bin\bin;D:\softsare\SDK\platform-tools;C:\ProgramData\Oracle\Java\javapath;C:\Windows\system32;C:\Windows;C:\Windows\System32\Wbem;C:\Windows\System32\WindowsPowerShell\v1.0\;C:\Program Files (x86)\NVIDIA Corporation\PhysX\Common;D:\svn\bin;D:\svn\TortoiseSVN\bin;C:\Program Files (x86)\MySQL\MySQL Fabric 1.5 & MySQL Utilities 1.5\;C:\Program Files (x86)\MySQL\MySQL Fabric 1.5 & MySQL Utilities 1.5\Doctrine extensions for PHP\;C:\Program Files (x86)\Rational\common;C:\Program Files\nodejs\;C:\Users\Administrator\AppData\Roaming\npm
USERNAME=Administrator
OS=Windows_NT
PROCESSOR_IDENTIFIER=Intel64 Family 6 Model 60 Stepping 3, GenuineIntel



---------------  S Y S T E M  ---------------

OS: Windows 7 , 64 bit Build 7601 (6.1.7601.19135)

CPU:total 4 (4 cores per cpu, 1 threads per core) family 6 model 60 stepping 3, cmov, cx8, fxsr, mmx, sse, sse2, sse3, ssse3, sse4.1, sse4.2, popcnt, avx, avx2, aes, clmul, erms, rtm, lzcnt, tsc, tscinvbit, bmi1, bmi2

Memory: 4k page, physical 8286356k(1042760k free), swap 13193456k(5192k free)

vm_info: OpenJDK 64-Bit Server VM (25.76-b03) for windows-amd64 JRE (1.8.0_76-release-b03), built on Jun 29 2016 19:09:20 by "ralucas" with MS VC++ 10.0 (VS2010)

time: Sat Dec 03 14:13:18 2016
elapsed time: 19 seconds (0d 0h 0m 19s)

